1733818467.968822 client started (5830): version 3.5a, socket /private/tmp/tmux-501/default, protocol 8
1733818467.968946 on Darwin 24.1.0 Darwin Kernel Version 24.1.0: Thu Oct 10 21:02:45 PDT 2024; root:xnu-11215.41.3~2/RELEASE_ARM64_T8112
1733818467.968963 using libevent 2.1.12-stable select
1733818467.969530 using utf8proc 2.9.0
1733818467.969546 using ncurses 6.5 20240427
1733818467.969570 flags are 0x10010000
1733818467.969578 socket is /private/tmp/tmux-501/default
1733818467.969591 trying connect
1733818467.969642 add peer 0x138048000: 6 (0x0)
1733818467.972708 sending message 111 to peer 0x138048000 (8 bytes)
1733818467.972723 sending message 111 to peer 0x138048000 (8 bytes)
1733818467.972730 sending message 101 to peer 0x138048000 (16 bytes)
1733818467.972737 sending message 109 to peer 0x138048000 (4 bytes)
1733818467.972743 sending message 102 to peer 0x138048000 (13 bytes)
1733818467.972749 sending message 108 to peer 0x138048000 (38 bytes)
1733818467.972756 sending message 112 to peer 0x138048000 (70 bytes)
1733818467.972762 sending message 112 to peer 0x138048000 (5 bytes)
1733818467.972768 sending message 112 to peer 0x138048000 (5 bytes)
1733818467.972774 sending message 112 to peer 0x138048000 (6 bytes)
1733818467.972780 sending message 112 to peer 0x138048000 (6 bytes)
1733818467.972786 sending message 112 to peer 0x138048000 (11 bytes)
1733818467.972792 sending message 112 to peer 0x138048000 (10 bytes)
1733818467.972798 sending message 112 to peer 0x138048000 (13 bytes)
1733818467.972804 sending message 112 to peer 0x138048000 (13 bytes)
1733818467.972810 sending message 112 to peer 0x138048000 (18 bytes)
1733818467.972816 sending message 112 to peer 0x138048000 (11 bytes)
1733818467.972822 sending message 112 to peer 0x138048000 (21 bytes)
1733818467.972828 sending message 112 to peer 0x138048000 (13 bytes)
1733818467.972834 sending message 112 to peer 0x138048000 (7 bytes)
1733818467.972840 sending message 112 to peer 0x138048000 (13 bytes)
1733818467.972845 sending message 112 to peer 0x138048000 (7 bytes)
1733818467.972851 sending message 112 to peer 0x138048000 (13 bytes)
1733818467.972858 sending message 112 to peer 0x138048000 (9 bytes)
1733818467.972864 sending message 112 to peer 0x138048000 (21 bytes)
1733818467.972870 sending message 112 to peer 0x138048000 (13 bytes)
1733818467.972876 sending message 112 to peer 0x138048000 (8 bytes)
1733818467.972882 sending message 112 to peer 0x138048000 (12 bytes)
1733818467.972888 sending message 112 to peer 0x138048000 (13 bytes)
1733818467.972894 sending message 112 to peer 0x138048000 (9 bytes)
1733818467.972900 sending message 112 to peer 0x138048000 (9 bytes)
1733818467.972906 sending message 112 to peer 0x138048000 (12 bytes)
1733818467.972912 sending message 112 to peer 0x138048000 (8 bytes)
1733818467.972918 sending message 112 to peer 0x138048000 (7 bytes)
1733818467.972923 sending message 112 to peer 0x138048000 (7 bytes)
1733818467.972929 sending message 112 to peer 0x138048000 (9 bytes)
1733818467.972935 sending message 112 to peer 0x138048000 (13 bytes)
1733818467.972941 sending message 112 to peer 0x138048000 (9 bytes)
1733818467.972947 sending message 112 to peer 0x138048000 (15 bytes)
1733818467.972953 sending message 112 to peer 0x138048000 (13 bytes)
1733818467.972959 sending message 112 to peer 0x138048000 (12 bytes)
1733818467.972965 sending message 112 to peer 0x138048000 (8 bytes)
1733818467.972972 sending message 112 to peer 0x138048000 (14 bytes)
1733818467.972977 sending message 112 to peer 0x138048000 (9 bytes)
1733818467.972983 sending message 112 to peer 0x138048000 (10 bytes)
1733818467.972989 sending message 112 to peer 0x138048000 (10 bytes)
1733818467.972995 sending message 112 to peer 0x138048000 (10 bytes)
1733818467.973001 sending message 112 to peer 0x138048000 (10 bytes)
1733818467.973007 sending message 112 to peer 0x138048000 (11 bytes)
1733818467.973013 sending message 112 to peer 0x138048000 (10 bytes)
1733818467.973019 sending message 112 to peer 0x138048000 (8 bytes)
1733818467.973025 sending message 112 to peer 0x138048000 (11 bytes)
1733818467.973055 sending message 112 to peer 0x138048000 (11 bytes)
1733818467.973060 sending message 112 to peer 0x138048000 (11 bytes)
1733818467.973064 sending message 112 to peer 0x138048000 (8 bytes)
1733818467.973069 sending message 112 to peer 0x138048000 (8 bytes)
1733818467.973073 sending message 112 to peer 0x138048000 (8 bytes)
1733818467.973077 sending message 112 to peer 0x138048000 (10 bytes)
1733818467.973082 sending message 112 to peer 0x138048000 (10 bytes)
1733818467.973086 sending message 112 to peer 0x138048000 (10 bytes)
1733818467.973090 sending message 112 to peer 0x138048000 (10 bytes)
1733818467.973094 sending message 112 to peer 0x138048000 (10 bytes)
1733818467.973099 sending message 112 to peer 0x138048000 (11 bytes)
1733818467.973103 sending message 112 to peer 0x138048000 (11 bytes)
1733818467.973107 sending message 112 to peer 0x138048000 (10 bytes)
1733818467.973111 sending message 112 to peer 0x138048000 (9 bytes)
1733818467.973116 sending message 112 to peer 0x138048000 (9 bytes)
1733818467.973120 sending message 112 to peer 0x138048000 (12 bytes)
1733818467.973124 sending message 112 to peer 0x138048000 (9 bytes)
1733818467.973128 sending message 112 to peer 0x138048000 (6 bytes)
1733818467.973133 sending message 112 to peer 0x138048000 (13 bytes)
1733818467.973137 sending message 112 to peer 0x138048000 (8 bytes)
1733818467.973142 sending message 112 to peer 0x138048000 (15 bytes)
1733818467.973148 sending message 112 to peer 0x138048000 (13 bytes)
1733818467.973154 sending message 112 to peer 0x138048000 (70 bytes)
1733818467.973158 sending message 112 to peer 0x138048000 (69 bytes)
1733818467.973163 sending message 112 to peer 0x138048000 (10 bytes)
1733818467.973169 sending message 112 to peer 0x138048000 (8 bytes)
1733818467.973175 sending message 112 to peer 0x138048000 (15 bytes)
1733818467.973180 sending message 112 to peer 0x138048000 (13 bytes)
1733818467.973184 sending message 112 to peer 0x138048000 (10 bytes)
1733818467.973188 sending message 112 to peer 0x138048000 (10 bytes)
1733818467.973193 sending message 112 to peer 0x138048000 (5 bytes)
1733818467.973197 sending message 112 to peer 0x138048000 (15 bytes)
1733818467.973203 sending message 104 to peer 0x138048000 (0 bytes)
1733818467.973209 sending message 110 to peer 0x138048000 (0 bytes)
1733818467.973213 sending message 107 to peer 0x138048000 (4 bytes)
1733818467.973217 sending message 105 to peer 0x138048000 (83 bytes)
1733818467.973222 sending message 105 to peer 0x138048000 (87 bytes)
1733818467.973226 sending message 105 to peer 0x138048000 (31 bytes)
1733818467.973230 sending message 105 to peer 0x138048000 (52 bytes)
1733818467.973235 sending message 105 to peer 0x138048000 (36 bytes)
1733818467.973239 sending message 105 to peer 0x138048000 (20 bytes)
1733818467.973243 sending message 105 to peer 0x138048000 (22 bytes)
1733818467.973247 sending message 105 to peer 0x138048000 (893 bytes)
1733818467.973252 sending message 105 to peer 0x138048000 (24 bytes)
1733818467.973257 sending message 105 to peer 0x138048000 (19 bytes)
1733818467.973261 sending message 105 to peer 0x138048000 (15 bytes)
1733818467.973265 sending message 105 to peer 0x138048000 (8 bytes)
1733818467.973269 sending message 105 to peer 0x138048000 (20 bytes)
1733818467.973273 sending message 105 to peer 0x138048000 (32 bytes)
1733818467.973278 sending message 105 to peer 0x138048000 (96 bytes)
1733818467.973282 sending message 105 to peer 0x138048000 (59 bytes)
1733818467.973286 sending message 105 to peer 0x138048000 (16 bytes)
1733818467.973290 sending message 105 to peer 0x138048000 (32 bytes)
1733818467.973294 sending message 105 to peer 0x138048000 (68 bytes)
1733818467.973299 sending message 105 to peer 0x138048000 (11 bytes)
1733818467.973304 sending message 105 to peer 0x138048000 (1376 bytes)
1733818467.973309 sending message 105 to peer 0x138048000 (42 bytes)
1733818467.973314 sending message 105 to peer 0x138048000 (18 bytes)
1733818467.973318 sending message 105 to peer 0x138048000 (15 bytes)
1733818467.973322 sending message 105 to peer 0x138048000 (8 bytes)
1733818467.973336 sending message 105 to peer 0x138048000 (66 bytes)
1733818467.973340 sending message 105 to peer 0x138048000 (21 bytes)
1733818467.973345 sending message 105 to peer 0x138048000 (18 bytes)
1733818467.973349 sending message 105 to peer 0x138048000 (26 bytes)
1733818467.973353 sending message 105 to peer 0x138048000 (57 bytes)
1733818467.973357 sending message 105 to peer 0x138048000 (44 bytes)
1733818467.973362 sending message 105 to peer 0x138048000 (14 bytes)
1733818467.973366 sending message 105 to peer 0x138048000 (66 bytes)
1733818467.973370 sending message 105 to peer 0x138048000 (17 bytes)
1733818467.973374 sending message 105 to peer 0x138048000 (20 bytes)
1733818467.973379 sending message 105 to peer 0x138048000 (14 bytes)
1733818467.973383 sending message 105 to peer 0x138048000 (19 bytes)
1733818467.973387 sending message 105 to peer 0x138048000 (34 bytes)
1733818467.973391 sending message 105 to peer 0x138048000 (35 bytes)
1733818467.973395 sending message 105 to peer 0x138048000 (32 bytes)
1733818467.973400 sending message 105 to peer 0x138048000 (45 bytes)
1733818467.973404 sending message 105 to peer 0x138048000 (25 bytes)
1733818467.973408 sending message 106 to peer 0x138048000 (0 bytes)
1733818467.973461 sending message 200 to peer 0x138048000 (4 bytes)
1733818467.973468 client loop enter
1733818467.975029 peer 0x138048000 message 303
1733818467.975052 open write file 2 -
1733818467.975082 sending message 305 to peer 0x138048000 (8 bytes)
1733818467.975096 write check file 2
1733818467.975163 peer 0x138048000 message 304
1733818467.975181 write 58 to file 2
1733818467.975199 peer 0x138048000 message 203
1733818467.975207 file 2 58 bytes left
1733818467.975223 write check file 2
1733818467.975228 client loop exit
